109.12.03 14:18 B c:\virtuals\kauaiarc.org\CSI\_vti_cnf\0603nltr.pdf <-- ispot.us /kauaiarc.org/CSI/_vti_cnf 0603nltr.pdf
109.12.03 14:18 B c:\virtuals\kauaiarc.org\CSI\_vti_cnf\0606nltr.pdf <-- ispot.us /kauaiarc.org/CSI/_vti_cnf 0606nltr.pdf
109.12.03 14:18 B c:\virtuals\kauaiarc.org\CSI\_vti_cnf\0607nltr.pdf <-- ispot.us /kauaiarc.org/CSI/_vti_cnf 0607nltr.pdf
109.12.03 14:18 B c:\virtuals\kauaiarc.org\CSI\_vti_cnf\0608nltr.pdf <-- ispot.us /kauaiarc.org/CSI/_vti_cnf 0608nltr.pdf
109.12.03 14:19 B c:\virtuals\kauaiarc.org\CSI\_vti_cnf\0609nltr.pdf <-- ispot.us /kauaiarc.org/CSI/_vti_cnf 0609nltr.pdf
109.12.03 14:19 B c:\virtuals\kauaiarc.org\CSI\_vti_cnf\0610nltr.pdf <-- ispot.us /kauaiarc.org/CSI/_vti_cnf 0610nltr.pdf
109.12.03 14:19 B c:\virtuals\kauaiarc.org\CSI\_vti_cnf\0612nltr.pdf <-- ispot.us /kauaiarc.org/CSI/_vti_cnf 0612nltr.pdf
109.12.03 14:19 B c:\virtuals\kauaiarc.org\CSI\_vti_cnf\0701AdvPlan.pdf <-- ispot.us /kauaiarc.org/CSI/_vti_cnf 0701AdvPlan.pdf
109.12.03 14:19 B c:\virtuals\kauaiarc.org\CSI\_vti_cnf\071022c Codes Seminar.pdf <-- ispot.us /kauaiarc.org/CSI/_vti_cnf 071022c Codes Seminar.pdf
109.12.03 14:19 B c:\virtuals\kauaiarc.org\CSI\_vti_cnf\0712_Summary.pdf <-- ispot.us /kauaiarc.org/CSI/_vti_cnf 0712_Summary.pdf
109.12.03 14:19 B c:\virtuals\kauaiarc.org\CSI\_vti_cnf\0801Summary.pdf <-- ispot.us /kauaiarc.org/CSI/_vti_cnf 0801Summary.pdf
109.12.03 14:19 B c:\virtuals\kauaiarc.org\CSI\_vti_cnf\0802_Summary.pdf <-- ispot.us /kauaiarc.org/CSI/_vti_cnf 0802_Summary.pdf
109.12.03 14:19 B c:\virtuals\kauaiarc.org\CSI\_vti_cnf\0803_Summary.pdf <-- ispot.us /kauaiarc.org/CSI/_vti_cnf 0803_Summary.pdf
109.12.03 14:19 B c:\virtuals\kauaiarc.org\CSI\_vti_cnf\0804_Summary.pdf <-- ispot.us /kauaiarc.org/CSI/_vti_cnf 0804_Summary.pdf
109.12.03 14:19 B c:\virtuals\kauaiarc.org\CSI\_vti_cnf\0805_Summary.pdf <-- ispot.us /kauaiarc.org/CSI/_vti_cnf 0805_Summary.pdf
109.12.03 14:19 B c:\virtuals\kauaiarc.org\CSI\_vti_cnf\0809_Summary.pdf <-- ispot.us /kauaiarc.org/CSI/_vti_cnf 0809_Summary.pdf
109.12.03 14:19 B c:\virtuals\kauaiarc.org\CSI\_vti_cnf\0811_Summary.pdf <-- ispot.us /kauaiarc.org/CSI/_vti_cnf 0811_Summary.pdf
109.12.03 14:19 B c:\virtuals\kauaiarc.org\CSI\_vti_cnf\0812_Summary.pdf <-- ispot.us /kauaiarc.org/CSI/_vti_cnf 0812_Summary.pdf
109.12.03 14:19 B c:\virtuals\kauaiarc.org\CSI\_vti_cnf\0903_Summary.pdf <-- ispot.us /kauaiarc.org/CSI/_vti_cnf 0903_Summary.pdf
109.12.03 14:19 B c:\virtuals\kauaiarc.org\CSI\_vti_cnf\0905_Summary.pdf <-- ispot.us /kauaiarc.org/CSI/_vti_cnf 0905_Summary.pdf
109.12.03 14:19 B c:\virtuals\kauaiarc.org\CSI\_vti_cnf\0906_Summary.pdf <-- ispot.us /kauaiarc.org/CSI/_vti_cnf 0906_Summary.pdf
109.12.03 14:19 B c:\virtuals\kauaiarc.org\CSI\_vti_cnf\0907_Summary.pdf <-- ispot.us /kauaiarc.org/CSI/_vti_cnf 0907_Summary.pdf
109.12.03 14:19 B c:\virtuals\kauaiarc.org\CSI\_vti_cnf\0908_Summary.pdf <-- ispot.us /kauaiarc.org/CSI/_vti_cnf 0908_Summary.pdf
109.12.03 14:19 B c:\virtuals\kauaiarc.org\CSI\_vti_cnf\0909_Summary.pdf <-- ispot.us /kauaiarc.org/CSI/_vti_cnf 0909_Summary.pdf
109.12.03 14:19 B c:\virtuals\kauaiarc.org\CSI\_vti_cnf\0910_Summary.pdf <-- ispot.us /kauaiarc.org/CSI/_vti_cnf 0910_Summary.pdf
109.12.03 14:19 B c:\virtuals\kauaiarc.org\CSI\_vti_cnf\0912_Summary.pdf <-- ispot.us /kauaiarc.org/CSI/_vti_cnf 0912_Summary.pdf
109.12.03 14:19 B c:\virtuals\kauaiarc.org\CSI\_vti_cnf\Summary Feb06.pdf <-- ispot.us /kauaiarc.org/CSI/_vti_cnf Summary Feb06.pdf
109.12.03 14:19 B c:\virtuals\kauaiarc.org\CSI\_vti_cnf\Summary Jan06 FNL.pdf <-- ispot.us /kauaiarc.org/CSI/_vti_cnf Summary Jan06 FNL.pdf
