109.12.03 14:20 B c:\virtuals\kauaiarc.org\images\EmergRadio-WebLogo-sm.jpg <-- ispot.us /kauaiarc.org/images EmergRadio-WebLogo-sm.jpg
109.12.03 14:20 B c:\virtuals\kauaiarc.org\images\GOTA-Pin-250.jpg <-- ispot.us /kauaiarc.org/images GOTA-Pin-250.jpg
109.12.03 14:20 B c:\virtuals\kauaiarc.org\images\GOTA.jpg <-- ispot.us /kauaiarc.org/images GOTA.jpg
109.12.03 14:20 B c:\virtuals\kauaiarc.org\images\Hello-Logo-240w.jpg <-- ispot.us /kauaiarc.org/images Hello-Logo-240w.jpg
109.12.03 14:20 B c:\virtuals\kauaiarc.org\images\image001.jpg <-- ispot.us /kauaiarc.org/images image001.jpg
109.12.03 14:20 B c:\virtuals\kauaiarc.org\images\image002.jpg <-- ispot.us /kauaiarc.org/images image002.jpg
109.12.03 14:20 B c:\virtuals\kauaiarc.org\images\Image1.gif <-- ispot.us /kauaiarc.org/images Image1.gif
109.12.03 14:20 B c:\virtuals\kauaiarc.org\images\Image2.gif <-- ispot.us /kauaiarc.org/images Image2.gif
109.12.03 14:20 B c:\virtuals\kauaiarc.org\images\Image5.gif <-- ispot.us /kauaiarc.org/images Image5.gif
109.12.03 14:20 B c:\virtuals\kauaiarc.org\images\Image6.gif <-- ispot.us /kauaiarc.org/images Image6.gif
109.12.03 14:20 B c:\virtuals\kauaiarc.org\images\Island School.gif <-- ispot.us /kauaiarc.org/images Island School.gif
109.12.03 14:20 B c:\virtuals\kauaiarc.org\images\j0300229.gif <-- ispot.us /kauaiarc.org/images j0300229.gif
109.12.03 14:20 B c:\virtuals\kauaiarc.org\images\Kapaa LDS Ward Chapel.gif <-- ispot.us /kauaiarc.org/images Kapaa LDS Ward Chapel.gif
109.12.03 14:20 B c:\virtuals\kauaiarc.org\images\KCC.gif <-- ispot.us /kauaiarc.org/images KCC.gif
109.12.03 14:20 B c:\virtuals\kauaiarc.org\images\Koloa Union Church.gif <-- ispot.us /kauaiarc.org/images Koloa Union Church.gif
109.12.03 14:20 B c:\virtuals\kauaiarc.org\images\lg2006FD.jpg <-- ispot.us /kauaiarc.org/images lg2006FD.jpg
109.12.03 14:20 B c:\virtuals\kauaiarc.org\images\NO-9742.jpg <-- ispot.us /kauaiarc.org/images NO-9742.jpg
109.12.03 14:20 B c:\virtuals\kauaiarc.org\images\sm2006FD.jpg <-- ispot.us /kauaiarc.org/images sm2006FD.jpg
109.12.03 14:20 B c:\virtuals\kauaiarc.org\images\tileprint KIUC.jpg <-- ispot.us /kauaiarc.org/images tileprint KIUC.jpg
109.12.03 14:20 B c:\virtuals\kauaiarc.org\images\Wailua Family Restaurant 4361 Kuhio Highway, Kapaa, HI  96746.JPG <-- ispot.us /kauaiarc.org/images Wailua Family Restaurant 4361 Kuhio Highway, Kapaa, HI  96746.JPG
