109.12.03 14:19 B c:\virtuals\kauaiarc.org\CSI\0603nltr.pdf <-- ispot.us /kauaiarc.org/CSI 0603nltr.pdf
109.12.03 14:19 B c:\virtuals\kauaiarc.org\CSI\0606nltr.pdf <-- ispot.us /kauaiarc.org/CSI 0606nltr.pdf
109.12.03 14:19 B c:\virtuals\kauaiarc.org\CSI\0607nltr.pdf <-- ispot.us /kauaiarc.org/CSI 0607nltr.pdf
109.12.03 14:19 B c:\virtuals\kauaiarc.org\CSI\0608nltr.pdf <-- ispot.us /kauaiarc.org/CSI 0608nltr.pdf
109.12.03 14:19 B c:\virtuals\kauaiarc.org\CSI\0609nltr.pdf <-- ispot.us /kauaiarc.org/CSI 0609nltr.pdf
109.12.03 14:19 B c:\virtuals\kauaiarc.org\CSI\0610nltr.pdf <-- ispot.us /kauaiarc.org/CSI 0610nltr.pdf
109.12.03 14:19 B c:\virtuals\kauaiarc.org\CSI\0612nltr.pdf <-- ispot.us /kauaiarc.org/CSI 0612nltr.pdf
109.12.03 14:19 B c:\virtuals\kauaiarc.org\CSI\0701AdvPlan.pdf <-- ispot.us /kauaiarc.org/CSI 0701AdvPlan.pdf
109.12.03 14:19 B c:\virtuals\kauaiarc.org\CSI\071022c Codes Seminar.pdf <-- ispot.us /kauaiarc.org/CSI 071022c Codes Seminar.pdf
109.12.03 14:19 B c:\virtuals\kauaiarc.org\CSI\0712_Summary.pdf <-- ispot.us /kauaiarc.org/CSI 0712_Summary.pdf
109.12.03 14:19 B c:\virtuals\kauaiarc.org\CSI\0801Summary.pdf <-- ispot.us /kauaiarc.org/CSI 0801Summary.pdf
109.12.03 14:19 B c:\virtuals\kauaiarc.org\CSI\0802_Summary.pdf <-- ispot.us /kauaiarc.org/CSI 0802_Summary.pdf
109.12.03 14:19 B c:\virtuals\kauaiarc.org\CSI\0803_Summary.pdf <-- ispot.us /kauaiarc.org/CSI 0803_Summary.pdf
109.12.03 14:19 B c:\virtuals\kauaiarc.org\CSI\0804_Summary.pdf <-- ispot.us /kauaiarc.org/CSI 0804_Summary.pdf
109.12.03 14:19 B c:\virtuals\kauaiarc.org\CSI\0805_Summary.pdf <-- ispot.us /kauaiarc.org/CSI 0805_Summary.pdf
109.12.03 14:19 B c:\virtuals\kauaiarc.org\CSI\0809_Summary.pdf <-- ispot.us /kauaiarc.org/CSI 0809_Summary.pdf
109.12.03 14:19 B c:\virtuals\kauaiarc.org\CSI\0811_Summary.pdf <-- ispot.us /kauaiarc.org/CSI 0811_Summary.pdf
109.12.03 14:19 B c:\virtuals\kauaiarc.org\CSI\0812_Summary.pdf <-- ispot.us /kauaiarc.org/CSI 0812_Summary.pdf
109.12.03 14:19 B c:\virtuals\kauaiarc.org\CSI\0903_Summary.pdf <-- ispot.us /kauaiarc.org/CSI 0903_Summary.pdf
109.12.03 14:19 B c:\virtuals\kauaiarc.org\CSI\0905_Summary.pdf <-- ispot.us /kauaiarc.org/CSI 0905_Summary.pdf
109.12.03 14:19 B c:\virtuals\kauaiarc.org\CSI\0906_Summary.pdf <-- ispot.us /kauaiarc.org/CSI 0906_Summary.pdf
109.12.03 14:19 B c:\virtuals\kauaiarc.org\CSI\0907_Summary.pdf <-- ispot.us /kauaiarc.org/CSI 0907_Summary.pdf
109.12.03 14:19 B c:\virtuals\kauaiarc.org\CSI\0908_Summary.pdf <-- ispot.us /kauaiarc.org/CSI 0908_Summary.pdf
109.12.03 14:19 B c:\virtuals\kauaiarc.org\CSI\0909_Summary.pdf <-- ispot.us /kauaiarc.org/CSI 0909_Summary.pdf
109.12.03 14:19 B c:\virtuals\kauaiarc.org\CSI\0910_Summary.pdf <-- ispot.us /kauaiarc.org/CSI 0910_Summary.pdf
109.12.03 14:19 B c:\virtuals\kauaiarc.org\CSI\0912_Summary.pdf <-- ispot.us /kauaiarc.org/CSI 0912_Summary.pdf
109.12.03 14:19 B c:\virtuals\kauaiarc.org\CSI\Summary Feb06.pdf <-- ispot.us /kauaiarc.org/CSI Summary Feb06.pdf
109.12.03 14:20 B c:\virtuals\kauaiarc.org\CSI\Summary Jan06 FNL.pdf <-- ispot.us /kauaiarc.org/CSI Summary Jan06 FNL.pdf
