109.12.03 14:20 B c:\virtuals\kauaiarc.org\images\_vti_cnf\EmergRadio-WebLogo-sm.jpg <-- ispot.us /kauaiarc.org/images/_vti_cnf EmergRadio-WebLogo-sm.jpg
109.12.03 14:20 B c:\virtuals\kauaiarc.org\images\_vti_cnf\GOTA-Pin-250.jpg <-- ispot.us /kauaiarc.org/images/_vti_cnf GOTA-Pin-250.jpg
109.12.03 14:20 B c:\virtuals\kauaiarc.org\images\_vti_cnf\GOTA.jpg <-- ispot.us /kauaiarc.org/images/_vti_cnf GOTA.jpg
109.12.03 14:20 B c:\virtuals\kauaiarc.org\images\_vti_cnf\Hello-Logo-240w.jpg <-- ispot.us /kauaiarc.org/images/_vti_cnf Hello-Logo-240w.jpg
109.12.03 14:20 B c:\virtuals\kauaiarc.org\images\_vti_cnf\image001.jpg <-- ispot.us /kauaiarc.org/images/_vti_cnf image001.jpg
109.12.03 14:20 B c:\virtuals\kauaiarc.org\images\_vti_cnf\image002.jpg <-- ispot.us /kauaiarc.org/images/_vti_cnf image002.jpg
109.12.03 14:20 B c:\virtuals\kauaiarc.org\images\_vti_cnf\Image1.gif <-- ispot.us /kauaiarc.org/images/_vti_cnf Image1.gif
109.12.03 14:20 B c:\virtuals\kauaiarc.org\images\_vti_cnf\Image2.gif <-- ispot.us /kauaiarc.org/images/_vti_cnf Image2.gif
109.12.03 14:20 B c:\virtuals\kauaiarc.org\images\_vti_cnf\Image5.gif <-- ispot.us /kauaiarc.org/images/_vti_cnf Image5.gif
109.12.03 14:20 B c:\virtuals\kauaiarc.org\images\_vti_cnf\Image6.gif <-- ispot.us /kauaiarc.org/images/_vti_cnf Image6.gif
109.12.03 14:20 B c:\virtuals\kauaiarc.org\images\_vti_cnf\Island School.gif <-- ispot.us /kauaiarc.org/images/_vti_cnf Island School.gif
109.12.03 14:20 B c:\virtuals\kauaiarc.org\images\_vti_cnf\j0300229.gif <-- ispot.us /kauaiarc.org/images/_vti_cnf j0300229.gif
109.12.03 14:20 B c:\virtuals\kauaiarc.org\images\_vti_cnf\Kapaa LDS Ward Chapel.gif <-- ispot.us /kauaiarc.org/images/_vti_cnf Kapaa LDS Ward Chapel.gif
109.12.03 14:20 B c:\virtuals\kauaiarc.org\images\_vti_cnf\KCC.gif <-- ispot.us /kauaiarc.org/images/_vti_cnf KCC.gif
109.12.03 14:20 B c:\virtuals\kauaiarc.org\images\_vti_cnf\Koloa Union Church.gif <-- ispot.us /kauaiarc.org/images/_vti_cnf Koloa Union Church.gif
109.12.03 14:20 B c:\virtuals\kauaiarc.org\images\_vti_cnf\lg2006FD.jpg <-- ispot.us /kauaiarc.org/images/_vti_cnf lg2006FD.jpg
109.12.03 14:20 B c:\virtuals\kauaiarc.org\images\_vti_cnf\NO-9742.jpg <-- ispot.us /kauaiarc.org/images/_vti_cnf NO-9742.jpg
109.12.03 14:20 B c:\virtuals\kauaiarc.org\images\_vti_cnf\sm2006FD.jpg <-- ispot.us /kauaiarc.org/images/_vti_cnf sm2006FD.jpg
109.12.03 14:20 B c:\virtuals\kauaiarc.org\images\_vti_cnf\tileprint KIUC.jpg <-- ispot.us /kauaiarc.org/images/_vti_cnf tileprint KIUC.jpg
109.12.03 14:20 B c:\virtuals\kauaiarc.org\images\_vti_cnf\Wailua Family Restaurant 4361 Kuhio Highway, Kapaa, HI  96746.JPG <-- ispot.us /kauaiarc.org/images/_vti_cnf Wailua Family Restaurant 4361 Kuhio Highway, Kapaa, HI  96746.JPG
