109.12.03 14:18 B c:\virtuals\kauaiarc.org\_vti_cnf\080426 test Exam.htm <-- ispot.us /kauaiarc.org/_vti_cnf 080426 test Exam.htm
109.12.03 14:18 B c:\virtuals\kauaiarc.org\_vti_cnf\2 meters.htm <-- ispot.us /kauaiarc.org/_vti_cnf 2 meters.htm
109.12.03 14:18 B c:\virtuals\kauaiarc.org\_vti_cnf\Al Morgan KH6ZT.htm <-- ispot.us /kauaiarc.org/_vti_cnf Al Morgan KH6ZT.htm
109.12.03 14:18 B c:\virtuals\kauaiarc.org\_vti_cnf\calendar.htm <-- ispot.us /kauaiarc.org/_vti_cnf calendar.htm
109.12.03 14:18 B c:\virtuals\kauaiarc.org\_vti_cnf\Club.htm <-- ispot.us /kauaiarc.org/_vti_cnf Club.htm
109.12.03 14:18 B c:\virtuals\kauaiarc.org\_vti_cnf\Emergency Communication.html <-- ispot.us /kauaiarc.org/_vti_cnf Emergency Communication.html
109.12.03 14:18 B c:\virtuals\kauaiarc.org\_vti_cnf\Exam.html <-- ispot.us /kauaiarc.org/_vti_cnf Exam.html
109.12.03 14:18 B c:\virtuals\kauaiarc.org\_vti_cnf\Favorite Links.html <-- ispot.us /kauaiarc.org/_vti_cnf Favorite Links.html
109.12.03 14:18 B c:\virtuals\kauaiarc.org\_vti_cnf\Field Day is an opportunity to pack a lot of Amateur Radio.pdf <-- ispot.us /kauaiarc.org/_vti_cnf Field Day is an opportunity to pack a lot of Amateur Radio.pdf
109.12.03 14:18 B c:\virtuals\kauaiarc.org\_vti_cnf\Friendly Net.html <-- ispot.us /kauaiarc.org/_vti_cnf Friendly Net.html
109.12.03 14:18 B c:\virtuals\kauaiarc.org\_vti_cnf\HF in Hawaii.html <-- ispot.us /kauaiarc.org/_vti_cnf HF in Hawaii.html
109.12.03 14:18 B c:\virtuals\kauaiarc.org\_vti_cnf\Home page.htm <-- ispot.us /kauaiarc.org/_vti_cnf Home page.htm
109.12.03 14:18 B c:\virtuals\kauaiarc.org\_vti_cnf\index.htm <-- ispot.us /kauaiarc.org/_vti_cnf index.htm
109.12.03 14:18 B c:\virtuals\kauaiarc.org\_vti_cnf\Jack Wada KH6LG.htm <-- ispot.us /kauaiarc.org/_vti_cnf Jack Wada KH6LG.htm
109.12.03 14:18 B c:\virtuals\kauaiarc.org\_vti_cnf\KARC Intro 2 Emcomm.html <-- ispot.us /kauaiarc.org/_vti_cnf KARC Intro 2 Emcomm.html
109.12.03 14:18 B c:\virtuals\kauaiarc.org\_vti_cnf\KARC Nets.html <-- ispot.us /kauaiarc.org/_vti_cnf KARC Nets.html
109.12.03 14:18 B c:\virtuals\kauaiarc.org\_vti_cnf\KARC Weather page.html <-- ispot.us /kauaiarc.org/_vti_cnf KARC Weather page.html
109.12.03 14:18 B c:\virtuals\kauaiarc.org\_vti_cnf\List of groups.html <-- ispot.us /kauaiarc.org/_vti_cnf List of groups.html
109.12.03 14:18 B c:\virtuals\kauaiarc.org\_vti_cnf\Mahalo Walk MS 2008.htm <-- ispot.us /kauaiarc.org/_vti_cnf Mahalo Walk MS 2008.htm
109.12.03 14:18 B c:\virtuals\kauaiarc.org\_vti_cnf\meeting&net.htm <-- ispot.us /kauaiarc.org/_vti_cnf meeting&net.htm
109.12.03 14:18 B c:\virtuals\kauaiarc.org\_vti_cnf\Membership Page.html <-- ispot.us /kauaiarc.org/_vti_cnf Membership Page.html
109.12.03 14:18 B c:\virtuals\kauaiarc.org\_vti_cnf\Menu.htm <-- ispot.us /kauaiarc.org/_vti_cnf Menu.htm
109.12.03 14:18 B c:\virtuals\kauaiarc.org\_vti_cnf\NET CONTROL FORMAT02.html <-- ispot.us /kauaiarc.org/_vti_cnf NET CONTROL FORMAT02.html
109.12.03 14:18 B c:\virtuals\kauaiarc.org\_vti_cnf\Saturday Breakfast.html <-- ispot.us /kauaiarc.org/_vti_cnf Saturday Breakfast.html
109.12.03 14:18 B c:\virtuals\kauaiarc.org\_vti_cnf\Site Info.htm <-- ispot.us /kauaiarc.org/_vti_cnf Site Info.htm
109.12.03 14:18 B c:\virtuals\kauaiarc.org\_vti_cnf\talk_story.htm <-- ispot.us /kauaiarc.org/_vti_cnf talk_story.htm
